<?xml version="1.0" encoding="UTF-8"?>
<!-- Generated by org.testng.reporters.JUnitXMLReporter -->
<testsuite ignored="0" hostname="DESKTOP-44COMAO" failures="0" tests="4" name="Test" time="0.076" errors="0" timestamp="2020-10-20T16:47:12 IST">
  <testcase classname="MainMavenProject.MavenJavaTest.SeleniumTest" name="BrowserAutomation" time="0.006"/>
  <testcase classname="MainMavenProject.MavenJavaTest.SeleniumTest" name="ElemnetsUi" time="0.001"/>
  <testcase classname="MainMavenProject.MavenJavaTest.RESTAPITest" name="DeleteTwittwer" time="0.0"/>
  <testcase classname="MainMavenProject.MavenJavaTest.RESTAPITest" name="PostJira" time="0.001"/>
</testsuite> <!-- Test -->
