<?xml version="1.0" encoding="UTF-8"?>
<testng-results ignored="0" total="2" passed="2" failed="0" skipped="0">
  <reporter-output>
  </reporter-output>
  <suite started-at="2020-10-19T19:03:13 IST" name="Default suite" finished-at="2020-10-19T19:03:14 IST" duration-ms="461">
    <groups>
    </groups>
    <test started-at="2020-10-19T19:03:13 IST" name="Default test" finished-at="2020-10-19T19:03:14 IST" duration-ms="461">
      <class name="MainMavenProject.MavenJavaTest.SeleniumTest">
        <test-method signature="BrowserAutomation()[pri:0, instance:MainMavenProject.MavenJavaTest.SeleniumTest@124c278f]" started-at="2020-10-19T19:03:14 IST" name="BrowserAutomation" finished-at="2020-10-19T19:03:14 IST" duration-ms="60" status="PASS">
          <reporter-output>
          </reporter-output>
        </test-method> <!-- BrowserAutomation -->
        <test-method signature="ElemnetsUi()[pri:0, instance:MainMavenProject.MavenJavaTest.SeleniumTest@124c278f]" started-at="2020-10-19T19:03:14 IST" name="ElemnetsUi" finished-at="2020-10-19T19:03:14 IST" duration-ms="104" status="PASS">
          <reporter-output>
          </reporter-output>
        </test-method> <!-- ElemnetsUi -->
      </class> <!-- MainMavenProject.MavenJavaTest.SeleniumTest -->
    </test> <!-- Default test -->
  </suite> <!-- Default suite -->
</testng-results>
